Arguments: 
  /home/jelli/.nvm/versions/node/v10.15.3/bin/node /usr/share/yarn/bin/yarn.js

PATH: 
  /home/jelli/.nvm/versions/node/v10.15.3/bin:/usr/local/sbin:/usr/local/bin:/usr/sbin:/usr/bin:/sbin:/bin:/usr/games:/usr/local/games:/snap/bin

Yarn version: 
  1.19.2

Node version: 
  10.15.3

Platform: 
  linux x64

Trace: 
  SyntaxError: /home/jelli/Dev/Repos/dOrg/the-graph-mutations-spec/package.json: Unexpected token } in JSON at position 222
      at JSON.parse (<anonymous>)
      at /usr/share/yarn/lib/cli.js:1625:59
      at Generator.next (<anonymous>)
      at step (/usr/share/yarn/lib/cli.js:304:30)
      at /usr/share/yarn/lib/cli.js:315:13

npm manifest: 
  {
    "name": "root",
    "private": true,
    "workspaces": [
      "packages/*"
    ],
    "scripts": {
      "bootstrap": "lerna bootstrap",
      "test": "lerna run test --stream",
      "test:watch": "lerna run test:watch --stream",
    },
    "devDependencies": {
      "@types/graphql": "^14.2.2",
      "@types/jest": "^24.0.15",
      "jest": "^24.8.0",
      "lerna": "^3.15.0",
      "prettier": "^1.18.2",
      "ts-jest": "^24.0.2",
      "tslint": "^5.18.0",
      "typescript": "^3.5.2"
    },
    "dependencies": {
      "graphql": "^14.4.2"
    }
  }

yarn manifest: 
  No manifest

Lockfile: 
  No lockfile
